android/app/build/intermediates/manifest_merge_blame_file/debug/manifest-merger-blame-debug-report.txt
1<?xml version="1.0" encoding="utf-8"?>
2<manifest xmlns:android="http://schemas.android.com/apk/res/android"
3    package="com.performanceapp"
4    android:versionCode="1"
5    android:versionName="1.0" >
6
7    <uses-sdk
8        android:minSdkVersion="21"
9        android:targetSdkVersion="31" />
10
11    <uses-permission android:name="android.permission.SYSTEM_ALERT_WINDOW" />
11-->src/main/AndroidManifest.xml:3:3-75
11-->src/main/AndroidManifest.xml:3:20-73
12    <uses-permission android:name="android.permission.INTERNET" />
12-->src/main/AndroidManifest.xml:2:3-64
12-->src/main/AndroidManifest.xml:2:20-62
13    <uses-permission android:name="android.permission.VIBRATE" />
13-->src/main/AndroidManifest.xml:4:3-63
13-->src/main/AndroidManifest.xml:4:20-61
14    <uses-permission android:name="android.permission.READ_EXTERNAL_STORAGE" />
14-->src/main/AndroidManifest.xml:5:3-77
14-->src/main/AndroidManifest.xml:5:20-75
15    <uses-permission android:name="android.permission.WRITE_EXTERNAL_STORAGE" />
15-->src/main/AndroidManifest.xml:6:3-78
15-->src/main/AndroidManifest.xml:6:20-76
16
17    <queries>
17-->src/main/AndroidManifest.xml:7:3-13:13
18        <intent>
18-->src/main/AndroidManifest.xml:8:5-12:14
19            <action android:name="android.intent.action.VIEW" />
19-->src/main/AndroidManifest.xml:9:7-58
19-->src/main/AndroidManifest.xml:9:15-56
20
21            <category android:name="android.intent.category.BROWSABLE" />
21-->src/main/AndroidManifest.xml:10:7-67
21-->src/main/AndroidManifest.xml:10:17-65
22
23            <data android:scheme="https" />
23-->src/main/AndroidManifest.xml:11:7-37
23-->src/main/AndroidManifest.xml:11:13-35
24        </intent>
25        <!-- Query open documents -->
26        <intent>
26-->[:expo-file-system] AndroidManifest.xml:19:9-21:18
27            <action android:name="android.intent.action.OPEN_DOCUMENT_TREE" />
27-->[:expo-file-system] AndroidManifest.xml:20:13-79
27-->[:expo-file-system] AndroidManifest.xml:20:21-76
28        </intent>
29    </queries>
30
31    <uses-permission android:name="android.permission.ACCESS_WIFI_STATE" />
31-->[com.facebook.flipper:flipper:0.54.0] AndroidManifest.xml:16:5-76
31-->[com.facebook.flipper:flipper:0.54.0] AndroidManifest.xml:16:22-73
32    <uses-permission android:name="android.permission.ACCESS_NETWORK_STATE" />
32-->[:expo-updates] AndroidManifest.xml:11:5-79
32-->[:expo-updates] AndroidManifest.xml:11:22-76
33    <uses-permission android:name="com.google.android.finsky.permission.BIND_GET_INSTALL_REFERRER_SERVICE" />
33-->[com.android.installreferrer:installreferrer:1.0] AndroidManifest.xml:9:5-110
33-->[com.android.installreferrer:installreferrer:1.0] AndroidManifest.xml:9:22-107
34
35    <application
35-->src/main/AndroidManifest.xml:14:3-27:17
36        android:name="com.performanceapp.MainApplication"
36-->src/main/AndroidManifest.xml:14:16-47
37        android:allowBackup="false"
37-->src/main/AndroidManifest.xml:14:162-189
38        android:appComponentFactory="androidx.core.app.CoreComponentFactory"
38-->[androidx.core:core:1.3.0] AndroidManifest.xml:24:18-86
39        android:debuggable="true"
40        android:icon="@mipmap/ic_launcher"
40-->src/main/AndroidManifest.xml:14:81-115
41        android:label="@string/app_name"
41-->src/main/AndroidManifest.xml:14:48-80
42        android:roundIcon="@mipmap/ic_launcher_round"
42-->src/main/AndroidManifest.xml:14:116-161
43        android:theme="@style/AppTheme"
43-->src/main/AndroidManifest.xml:14:190-221
44        android:usesCleartextTraffic="true" >
44-->src/main/AndroidManifest.xml:14:222-257
45        <meta-data
45-->src/main/AndroidManifest.xml:15:5-126
46            android:name="expo.modules.updates.EXPO_UPDATE_URL"
46-->src/main/AndroidManifest.xml:15:16-67
47            android:value="https://exp.host/@mrrioja/performanceApp" />
47-->src/main/AndroidManifest.xml:15:68-124
48        <meta-data
48-->src/main/AndroidManifest.xml:16:5-93
49            android:name="expo.modules.updates.EXPO_SDK_VERSION"
49-->src/main/AndroidManifest.xml:16:16-68
50            android:value="43.0.0" />
50-->src/main/AndroidManifest.xml:16:69-91
51        <meta-data
51-->src/main/AndroidManifest.xml:17:5-82
52            android:name="expo.modules.updates.ENABLED"
52-->src/main/AndroidManifest.xml:17:16-59
53            android:value="true" />
53-->src/main/AndroidManifest.xml:17:60-80
54        <meta-data
54-->src/main/AndroidManifest.xml:18:5-105
55            android:name="expo.modules.updates.EXPO_UPDATES_CHECK_ON_LAUNCH"
55-->src/main/AndroidManifest.xml:18:16-80
56            android:value="ALWAYS" />
56-->src/main/AndroidManifest.xml:18:81-103
57        <meta-data
57-->src/main/AndroidManifest.xml:19:5-99
58            android:name="expo.modules.updates.EXPO_UPDATES_LAUNCH_WAIT_MS"
58-->src/main/AndroidManifest.xml:19:16-79
59            android:value="0" />
59-->src/main/AndroidManifest.xml:19:80-97
60
61        <activity
61-->src/main/AndroidManifest.xml:20:5-25:16
62            android:name="com.performanceapp.MainActivity"
62-->src/main/AndroidManifest.xml:20:15-43
63            android:configChanges="keyboard|keyboardHidden|orientation|screenSize|uiMode"
63-->src/main/AndroidManifest.xml:20:77-154
64            android:exported="true"
64-->src/main/AndroidManifest.xml:20:276-299
65            android:label="@string/app_name"
65-->src/main/AndroidManifest.xml:20:44-76
66            android:launchMode="singleTask"
66-->src/main/AndroidManifest.xml:20:155-186
67            android:theme="@style/Theme.App.SplashScreen"
67-->src/main/AndroidManifest.xml:20:230-275
68            android:windowSoftInputMode="adjustResize" >
68-->src/main/AndroidManifest.xml:20:187-229
69            <intent-filter>
69-->src/main/AndroidManifest.xml:21:7-24:23
70                <action android:name="android.intent.action.MAIN" />
70-->src/main/AndroidManifest.xml:22:9-60
70-->src/main/AndroidManifest.xml:22:17-58
71
72                <category android:name="android.intent.category.LAUNCHER" />
72-->src/main/AndroidManifest.xml:23:9-68
72-->src/main/AndroidManifest.xml:23:19-66
73            </intent-filter>
74        </activity>
75        <activity android:name="com.facebook.react.devsupport.DevSettingsActivity" />
75-->src/main/AndroidManifest.xml:26:5-81
75-->src/main/AndroidManifest.xml:26:15-79
76
77        <provider
77-->[:expo-file-system] AndroidManifest.xml:25:9-34:20
78            android:name="expo.modules.filesystem.FileSystemFileProvider"
78-->[:expo-file-system] AndroidManifest.xml:26:13-74
79            android:authorities="com.performanceapp.FileSystemFileProvider"
79-->[:expo-file-system] AndroidManifest.xml:27:13-74
80            android:exported="false"
80-->[:expo-file-system] AndroidManifest.xml:28:13-37
81            android:grantUriPermissions="true" >
81-->[:expo-file-system] AndroidManifest.xml:29:13-47
82            <meta-data
82-->[:expo-file-system] AndroidManifest.xml:31:13-33:70
83                android:name="android.support.FILE_PROVIDER_PATHS"
83-->[:expo-file-system] AndroidManifest.xml:32:17-67
84                android:resource="@xml/file_system_provider_paths" />
84-->[:expo-file-system] AndroidManifest.xml:33:17-67
85        </provider>
86
87        <meta-data
87-->[:expo-modules-core] AndroidManifest.xml:12:9-14:89
88            android:name="org.unimodules.core.AppLoader#react-native-headless"
88-->[:expo-modules-core] AndroidManifest.xml:13:13-79
89            android:value="expo.modules.adapters.react.apploader.RNHeadlessAppLoader" />
89-->[:expo-modules-core] AndroidManifest.xml:14:13-86
90
91        <service
91-->[androidx.room:room-runtime:2.1.0] AndroidManifest.xml:25:9-27:40
92            android:name="androidx.room.MultiInstanceInvalidationService"
92-->[androidx.room:room-runtime:2.1.0] AndroidManifest.xml:26:13-74
93            android:exported="false" />
93-->[androidx.room:room-runtime:2.1.0] AndroidManifest.xml:27:13-37
94    </application>
95
96</manifest>